<?xml version="1.0" encoding="UTF-8"?>
<testng-results ignored="0" total="1" passed="1" failed="0" skipped="0">
  <reporter-output>
  </reporter-output>
  <suite started-at="2025-12-02T23:02:36 IST" name="Default suite" finished-at="2025-12-02T23:02:41 IST" duration-ms="5458">
    <groups>
    </groups>
    <test started-at="2025-12-02T23:02:36 IST" name="Default test" finished-at="2025-12-02T23:02:41 IST" duration-ms="5458">
      <class name="AutomationWebsite.Registration.TC_RF_004">
        <test-method signature="warningCheck()[pri:0, instance:AutomationWebsite.Registration.TC_RF_004@34a3d150]" started-at="2025-12-02T23:02:36 IST" name="warningCheck" finished-at="2025-12-02T23:02:41 IST" duration-ms="5392" status="PASS">
          <reporter-output>
          </reporter-output>
        </test-method> <!-- warningCheck -->
      </class> <!-- AutomationWebsite.Registration.TC_RF_004 -->
    </test> <!-- Default test -->
  </suite> <!-- Default suite -->
</testng-results>
