<?xml version="1.0" encoding="UTF-8"?>
<testng-results ignored="0" total="1" passed="1" failed="0" skipped="0">
  <reporter-output>
  </reporter-output>
  <suite started-at="2025-12-02T23:54:16 IST" name="Default suite" finished-at="2025-12-02T23:54:41 IST" duration-ms="25381">
    <groups>
    </groups>
    <test started-at="2025-12-02T23:54:16 IST" name="Default test" finished-at="2025-12-02T23:54:41 IST" duration-ms="25381">
      <class name="AutomationWebsite.Registration.TC_RF_005">
        <test-method signature="FillRequiredRegistraionInfo()[pri:0, instance:AutomationWebsite.Registration.TC_RF_005@2a4fb17b]" started-at="2025-12-02T23:54:16 IST" name="FillRequiredRegistraionInfo" finished-at="2025-12-02T23:54:41 IST" duration-ms="25319" status="PASS">
          <reporter-output>
          </reporter-output>
        </test-method> <!-- FillRequiredRegistraionInfo -->
      </class> <!-- AutomationWebsite.Registration.TC_RF_005 -->
    </test> <!-- Default test -->
  </suite> <!-- Default suite -->
</testng-results>
